16:46:51.641 [main] INFO  Api.test.userTest - ************Creating User******************
16:46:57.547 [main] INFO  Api.test.userTest - ************After Creating User******************
16:46:57.618 [main] INFO  Api.test.userTest - ************Reading User******************
16:46:58.719 [main] INFO  Api.test.userTest - ************After reading User******************
16:46:58.735 [main] INFO  Api.test.userTest - ************Updating User******************
16:47:00.683 [main] INFO  Api.test.userTest - ************after Updating User******************
16:47:00.710 [main] INFO  Api.test.userTest - ************deleting User******************
16:47:01.631 [main] INFO  Api.test.userTest - ************after deleting User******************
16:49:15.676 [main] INFO  Api.test.userTest - ************Creating User******************
16:49:21.413 [main] INFO  Api.test.userTest - ************After Creating User******************
16:49:21.463 [main] INFO  Api.test.userTest - ************Reading User******************
16:49:23.713 [main] INFO  Api.test.userTest - ************After reading User******************
16:49:23.735 [main] INFO  Api.test.userTest - ************Updating User******************
16:49:25.966 [main] INFO  Api.test.userTest - ************after Updating User******************
16:49:25.981 [main] INFO  Api.test.userTest - ************deleting User******************
16:49:26.967 [main] INFO  Api.test.userTest - ************after deleting User******************
12:33:37.698 [main] INFO  Api.test.userTest2 - ************Creating User******************
12:33:43.053 [main] INFO  Api.test.userTest2 - ************After Creating User******************
12:33:43.154 [main] INFO  Api.test.userTest2 - ************Reading User******************
12:33:44.289 [main] INFO  Api.test.userTest2 - ************After reading User******************
12:33:44.302 [main] INFO  Api.test.userTest2 - ************Updating User******************
12:33:46.249 [main] INFO  Api.test.userTest2 - ************after Updating User******************
12:33:46.268 [main] INFO  Api.test.userTest2 - ************deleting User******************
12:33:47.320 [main] INFO  Api.test.userTest2 - ************after deleting User******************
14:07:13.023 [main] INFO  Api.test.userTest - ************Creating User******************
14:07:18.383 [main] INFO  Api.test.userTest - ************After Creating User******************
14:07:18.456 [main] INFO  Api.test.userTest - ************Reading User******************
14:07:19.539 [main] INFO  Api.test.userTest - ************After reading User******************
14:07:19.550 [main] INFO  Api.test.userTest - ************Updating User******************
14:07:21.570 [main] INFO  Api.test.userTest - ************after Updating User******************
14:07:21.590 [main] INFO  Api.test.userTest - ************deleting User******************
14:07:22.948 [main] INFO  Api.test.userTest - ************after deleting User******************
14:08:07.636 [main] INFO  Api.test.userTest2 - ************Creating User******************
14:08:07.687 [main] INFO  Api.test.userTest2 - ************Reading User******************
14:08:07.703 [main] INFO  Api.test.userTest2 - ************Updating User******************
14:08:07.728 [main] INFO  Api.test.userTest2 - ************deleting User******************
14:12:53.661 [main] INFO  Api.test.userTest2 - ************Creating User******************
14:12:59.593 [main] INFO  Api.test.userTest2 - ************After Creating User******************
14:12:59.644 [main] INFO  Api.test.userTest2 - ************Reading User******************
14:13:00.714 [main] INFO  Api.test.userTest2 - ************After reading User******************
14:13:00.726 [main] INFO  Api.test.userTest2 - ************Updating User******************
14:13:06.796 [main] INFO  Api.test.userTest2 - ************after Updating User******************
14:13:06.818 [main] INFO  Api.test.userTest2 - ************deleting User******************
14:13:08.795 [main] INFO  Api.test.userTest2 - ************after deleting User******************
15:29:47.645 [main] INFO  Api.test.userTest2 - ************Creating User******************
15:29:55.356 [main] INFO  Api.test.userTest2 - ************After Creating User******************
15:29:55.407 [main] INFO  Api.test.userTest2 - ************Reading User******************
15:29:56.911 [main] INFO  Api.test.userTest2 - ************After reading User******************
15:29:56.916 [main] INFO  Api.test.userTest2 - ************Updating User******************
15:29:59.177 [main] INFO  Api.test.userTest2 - ************after Updating User******************
15:29:59.185 [main] INFO  Api.test.userTest2 - ************deleting User******************
15:30:00.257 [main] INFO  Api.test.userTest2 - ************after deleting User******************
16:14:41.471 [main] INFO  Api.test.userTest2 - ************Creating User******************
16:14:50.209 [main] INFO  Api.test.userTest2 - ************After Creating User******************
16:14:50.265 [main] INFO  Api.test.userTest2 - ************Reading User******************
16:14:51.532 [main] INFO  Api.test.userTest2 - ************After reading User******************
16:14:51.539 [main] INFO  Api.test.userTest2 - ************Updating User******************
16:14:53.596 [main] INFO  Api.test.userTest2 - ************after Updating User******************
16:14:53.600 [main] INFO  Api.test.userTest2 - ************deleting User******************
16:14:54.588 [main] INFO  Api.test.userTest2 - ************after deleting User******************
16:25:45.891 [main] INFO  Api.test.userTest2 - ************Creating User******************
16:25:51.462 [main] INFO  Api.test.userTest2 - ************After Creating User******************
16:25:51.490 [main] INFO  Api.test.userTest2 - ************Reading User******************
16:25:52.541 [main] INFO  Api.test.userTest2 - ************After reading User******************
16:25:52.546 [main] INFO  Api.test.userTest2 - ************Updating User******************
16:25:54.469 [main] INFO  Api.test.userTest2 - ************after Updating User******************
16:25:54.476 [main] INFO  Api.test.userTest2 - ************deleting User******************
16:25:55.481 [main] INFO  Api.test.userTest2 - ************after deleting User******************
15:06:41.522 [main] INFO  Api.test.userTest2 - ************Creating User******************
15:06:50.887 [main] INFO  Api.test.userTest2 - ************After Creating User******************
15:06:50.932 [main] INFO  Api.test.userTest2 - ************Reading User******************
15:06:52.259 [main] INFO  Api.test.userTest2 - ************After reading User******************
15:06:52.274 [main] INFO  Api.test.userTest2 - ************Updating User******************
15:06:54.695 [main] INFO  Api.test.userTest2 - ************after Updating User******************
15:06:54.707 [main] INFO  Api.test.userTest2 - ************deleting User******************
15:06:55.904 [main] INFO  Api.test.userTest2 - ************after deleting User******************
15:14:07.735 [main] INFO  Api.test.userTest2 - ************Creating User******************
15:14:13.279 [main] INFO  Api.test.userTest2 - ************After Creating User******************
15:14:13.500 [main] INFO  Api.test.userTest2 - ************Reading User******************
15:14:14.840 [main] INFO  Api.test.userTest2 - ************After reading User******************
15:14:14.846 [main] INFO  Api.test.userTest2 - ************Updating User******************
15:14:17.139 [main] INFO  Api.test.userTest2 - ************after Updating User******************
15:14:17.147 [main] INFO  Api.test.userTest2 - ************deleting User******************
15:14:18.290 [main] INFO  Api.test.userTest2 - ************after deleting User******************
